dic 14, 2025 9:03:30 P. M. domain.BadIceCream setPaused
INFO: Juego pausado
dic 14, 2025 9:03:49 P. M. domain.BadIceCream setPaused
INFO: Juego pausado
dic 14, 2025 11:39:11 P. M. domain.BadIceCream setPaused
INFO: Juego pausado
dic 14, 2025 11:42:12 P. M. domain.BadIceCream setPaused
INFO: Juego pausado
dic 14, 2025 11:44:22 P. M. domain.BadIceCream setPaused
INFO: Juego pausado
dic 14, 2025 11:57:02 P. M. domain.BadIceCream setPaused
INFO: Juego pausado
dic 15, 2025 1:36:07 A. M. domain.BadIceCream setPaused
INFO: Juego pausado
dic 15, 2025 4:59:59 A. M. domain.BadIceCream setPaused
INFO: Juego pausado
dic 15, 2025 5:00:31 A. M. domain.BadIceCream setPaused
INFO: Juego pausado
dic 15, 2025 5:26:25 A. M. domain.BadIceCream setPaused
INFO: Juego pausado
dic 15, 2025 5:26:29 A. M. domain.BadIceCream setPaused
INFO: Juego pausado
dic 15, 2025 5:26:47 A. M. domain.BadIceCream setPaused
INFO: Juego pausado
dic 15, 2025 5:27:06 A. M. domain.BadIceCream setPaused
INFO: Juego pausado
dic 15, 2025 5:27:10 A. M. domain.BadIceCream setPaused
INFO: Juego pausado
dic 15, 2025 5:27:29 A. M. domain.BadIceCream setPaused
INFO: Juego pausado
dic 15, 2025 5:27:32 A. M. domain.BadIceCream setPaused
INFO: Juego pausado
dic 15, 2025 5:27:46 A. M. domain.BadIceCream setPaused
INFO: Juego pausado
dic 15, 2025 5:28:50 A. M. domain.BadIceCream setPaused
INFO: Juego pausado
dic 15, 2025 5:28:59 A. M. domain.BadIceCream setPaused
INFO: Juego pausado
dic 15, 2025 10:04:10 A. M. domain.BadIceCream setPaused
INFO: Juego pausado
dic 15, 2025 10:09:09 A. M. domain.BadIceCream setPaused
INFO: Juego pausado
dic 15, 2025 10:09:58 A. M. domain.BadIceCream setPaused
INFO: Juego pausado
dic 15, 2025 10:10:01 A. M. domain.BadIceCream setPaused
INFO: Juego pausado
dic 15, 2025 10:10:03 A. M. domain.BadIceCream setPaused
INFO: Juego pausado
dic 15, 2025 10:10:03 A. M. domain.BadIceCream setPaused
INFO: Juego pausado
dic 15, 2025 10:10:04 A. M. domain.BadIceCream setPaused
INFO: Juego pausado
dic 15, 2025 10:10:05 A. M. domain.BadIceCream setPaused
INFO: Juego pausado
dic 15, 2025 10:10:06 A. M. domain.BadIceCream setPaused
INFO: Juego pausado
dic 15, 2025 10:10:07 A. M. domain.BadIceCream setPaused
INFO: Juego pausado
dic 15, 2025 10:10:08 A. M. domain.BadIceCream movePlayer
SEVERE: Índice de jugador inválido. Posible corrupción del estado del juego.
dic 15, 2025 10:10:08 A. M. domain.BadIceCream setPaused
INFO: Juego pausado
dic 15, 2025 10:10:10 A. M. domain.BadIceCream setPaused
INFO: Juego pausado
dic 15, 2025 10:10:11 A. M. domain.BadIceCream setPaused
INFO: Juego pausado
dic 15, 2025 10:10:11 A. M. domain.BadIceCream setPaused
INFO: Juego pausado
dic 15, 2025 10:10:26 A. M. domain.BadIceCream setPaused
INFO: Juego pausado
dic 15, 2025 10:10:27 A. M. domain.BadIceCream setPaused
INFO: Juego pausado
dic 15, 2025 10:10:28 A. M. domain.BadIceCream setPaused
INFO: Juego pausado
dic 15, 2025 10:10:52 A. M. domain.BadIceCream setPaused
INFO: Juego pausado
dic 15, 2025 10:10:54 A. M. domain.BadIceCream setPaused
INFO: Juego pausado
dic 15, 2025 10:10:55 A. M. domain.BadIceCream setPaused
INFO: Juego pausado
dic 15, 2025 10:10:59 A. M. domain.BadIceCream setPaused
INFO: Juego pausado
dic 15, 2025 10:14:27 A. M. domain.BadIceCream setPaused
INFO: Juego pausado
dic 15, 2025 10:15:01 A. M. domain.BadIceCream setPaused
INFO: Juego pausado
dic 15, 2025 10:15:05 A. M. domain.BadIceCream setPaused
INFO: Juego pausado
dic 15, 2025 10:15:06 A. M. domain.BadIceCream setPaused
INFO: Juego pausado
dic 15, 2025 10:15:07 A. M. domain.BadIceCream setPaused
INFO: Juego pausado
dic 15, 2025 10:15:09 A. M. domain.BadIceCream setPaused
INFO: Juego pausado
dic 15, 2025 10:15:10 A. M. domain.BadIceCream setPaused
INFO: Juego pausado
dic 15, 2025 10:15:11 A. M. domain.BadIceCream setPaused
INFO: Juego pausado
dic 15, 2025 10:15:13 A. M. domain.BadIceCream setPaused
INFO: Juego pausado
dic 15, 2025 10:15:14 A. M. domain.BadIceCream setPaused
INFO: Juego pausado
dic 15, 2025 10:15:15 A. M. domain.BadIceCream setPaused
INFO: Juego pausado
dic 15, 2025 10:15:17 A. M. domain.BadIceCream setPaused
INFO: Juego pausado
dic 15, 2025 10:15:19 A. M. domain.BadIceCream setPaused
INFO: Juego pausado
dic 15, 2025 10:15:21 A. M. domain.BadIceCream movePlayer
SEVERE: Índice de jugador inválido. Posible corrupción del estado del juego.
dic 15, 2025 10:15:21 A. M. domain.BadIceCream setPaused
INFO: Juego pausado
dic 15, 2025 10:54:23 A. M. domain.BadIceCream setPaused
INFO: Juego pausado
